0 info it worked if it ends with ok
1 verbose cli [ '/Users/byrdannfox/.nvm/versions/node/v5.10.0/bin/node',
1 verbose cli   '/Users/byrdannfox/.nvm/versions/node/v5.10.0/bin/npm',
1 verbose cli   'start' ]
2 info using npm@3.8.3
3 info using node@v5.10.0
4 verbose run-script [ 'prestart', 'start', 'poststart' ]
5 info lifecycle interview-backend-node@0.1.0~prestart: interview-backend-node@0.1.0
6 silly lifecycle interview-backend-node@0.1.0~prestart: no script for prestart, continuing
7 info lifecycle interview-backend-node@0.1.0~start: interview-backend-node@0.1.0
8 verbose lifecycle interview-backend-node@0.1.0~start: unsafe-perm in lifecycle true
9 verbose lifecycle interview-backend-node@0.1.0~start: PATH: /Users/byrdannfox/.nvm/versions/node/v5.10.0/lib/node_modules/npm/bin/node-gyp-bin:/Users/byrdannfox/interview-backend-node/node_modules/.bin:/Users/byrdannfox/.nvm/versions/node/v5.10.0/bin:/Users/byrdannfox/.nvm/versions/node/v5.10.0/bin:/Library/Frameworks/Python.framework/Versions/3.4/bin:/usr/local/bin:/usr/bin:/bin:/usr/sbin:/sbin
10 verbose lifecycle interview-backend-node@0.1.0~start: CWD: /Users/byrdannfox/interview-backend-node
11 silly lifecycle interview-backend-node@0.1.0~start: Args: [ '-c', 'babel-node main.js' ]
12 silly lifecycle interview-backend-node@0.1.0~start: Returned: code: 1  signal: null
13 info lifecycle interview-backend-node@0.1.0~start: Failed to exec start script
14 verbose stack Error: interview-backend-node@0.1.0 start: `babel-node main.js`
14 verbose stack Exit status 1
14 verbose stack     at EventEmitter.<anonymous> (/Users/byrdannfox/.nvm/versions/node/v5.10.0/lib/node_modules/npm/lib/utils/lifecycle.js:239:16)
14 verbose stack     at emitTwo (events.js:100:13)
14 verbose stack     at EventEmitter.emit (events.js:185:7)
14 verbose stack     at ChildProcess.<anonymous> (/Users/byrdannfox/.nvm/versions/node/v5.10.0/lib/node_modules/npm/lib/utils/spawn.js:24:14)
14 verbose stack     at emitTwo (events.js:100:13)
14 verbose stack     at ChildProcess.emit (events.js:185:7)
14 verbose stack     at maybeClose (internal/child_process.js:850:16)
14 verbose stack     at Process.ChildProcess._handle.onexit (internal/child_process.js:215:5)
15 verbose pkgid interview-backend-node@0.1.0
16 verbose cwd /Users/byrdannfox/interview-backend-node
17 error Darwin 15.3.0
18 error argv "/Users/byrdannfox/.nvm/versions/node/v5.10.0/bin/node" "/Users/byrdannfox/.nvm/versions/node/v5.10.0/bin/npm" "start"
19 error node v5.10.0
20 error npm  v3.8.3
21 error code ELIFECYCLE
22 error interview-backend-node@0.1.0 start: `babel-node main.js`
22 error Exit status 1
23 error Failed at the interview-backend-node@0.1.0 start script 'babel-node main.js'.
23 error Make sure you have the latest version of node.js and npm installed.
23 error If you do, this is most likely a problem with the interview-backend-node package,
23 error not with npm itself.
23 error Tell the author that this fails on your system:
23 error     babel-node main.js
23 error You can get information on how to open an issue for this project with:
23 error     npm bugs interview-backend-node
23 error Or if that isn't available, you can get their info via:
23 error     npm owner ls interview-backend-node
23 error There is likely additional logging output above.
24 verbose exit [ 1, true ]
